#
# There is insufficient memory for the Java Runtime Environment to continue.
# Native memory allocation (mmap) failed to map 2097152 bytes. Error detail: G1 virtual space
# Possible reasons:
#   The system is out of physical RAM or swap space
#   This process is running with CompressedOops enabled, and the Java Heap may be blocking the growth of the native heap
# Possible solutions:
#   Reduce memory load on the system
#   Increase physical memory or swap space
#   Check if swap backing store is full
#   Decrease Java heap size (-Xmx/-Xms)
#   Decrease number of Java threads
#   Decrease Java thread stack sizes (-Xss)
#   Set larger code cache with -XX:ReservedCodeCacheSize=
#   JVM is running with Zero Based Compressed Oops mode in which the Java heap is
#     placed in the first 32GB address space. The Java Heap base address is the
#     maximum limit for the native heap growth. Please use -XX:HeapBaseMinAddress
#     to set the Java Heap base and to place the Java Heap above 32GB virtual address.
# This output file may be truncated or incomplete.
#
#  Out of Memory Error (os_windows.cpp:3554), pid=15112, tid=16988
#
# JRE version: OpenJDK Runtime Environment (25.0.2+10) (build 25.0.2+10-69)
# Java VM: OpenJDK 64-Bit Server VM (25.0.2+10-69, mixed mode, emulated-client, sharing, tiered, compressed oops, compressed class ptrs, g1 gc, windows-amd64)
# No core dump will be written. Minidumps are not enabled by default on client versions of Windows
#

---------------  S U M M A R Y ------------

Command Line: -XX:TieredStopAtLevel=1 -Dspring.output.ansi.enabled=always -javaagent:C:\Program Files\JetBrains\IntelliJ IDEA 2025.3.2\lib\idea_rt.jar=55239 -Dfile.encoding=UTF-8 -Dsun.stdout.encoding=UTF-8 -Dsun.stderr.encoding=UTF-8 com.cine.demo.DemoApplication

Host: Intel(R) Core(TM) i5-7600K CPU @ 3.80GHz, 4 cores, 15G,  Windows 10 , 64 bit Build 19041 (10.0.19041.7181)
Time: Wed May 13 12:08:02 2026 Hora de verano romance elapsed time: 7.044917 seconds (0d 0h 0m 7s)

---------------  T H R E A D  ---------------

Current thread (0x000001c408d9ce30):  WorkerThread "GC Thread#3"    [id=16988, stack(0x000000b3f8e00000,0x000000b3f8f00000) (1024K)]

Stack: [0x000000b3f8e00000,0x000000b3f8f00000]
Native frames: (J=compiled Java code, j=interpreted, Vv=VM code, C=native code)
V  [jvm.dll+0x7a70f9]  (no source info available)
V  [jvm.dll+0x772d6d]  (no source info available)
V  [jvm.dll+0x965d53]  (no source info available)
V  [jvm.dll+0x968351]  (no source info available)
V  [jvm.dll+0x968a63]  (no source info available)
V  [jvm.dll+0x2fc846]  (no source info available)
V  [jvm.dll+0x7a3325]  (no source info available)
V  [jvm.dll+0x796737]  (no source info available)
V  [jvm.dll+0x3f4988]  (no source info available)
V  [jvm.dll+0x3fc8d6]  (no source info available)
V  [jvm.dll+0x3e8c55]  (no source info available)
V  [jvm.dll+0x3e9321]  (no source info available)
V  [jvm.dll+0x3e93df]  (no source info available)
V  [jvm.dll+0x3c17fc]  (no source info available)
V  [jvm.dll+0x3c154d]  (no source info available)
V  [jvm.dll+0x3aea5b]  (no source info available)
V  [jvm.dll+0x3aee36]  (no source info available)
V  [jvm.dll+0x3afacb]  (no source info available)
V  [jvm.dll+0x3affb5]  (no source info available)
V  [jvm.dll+0x3af9ad]  (no source info available)
V  [jvm.dll+0x3f68b1]  (no source info available)
V  [jvm.dll+0x3f6cb5]  (no source info available)
V  [jvm.dll+0x3f4f98]  (no source info available)
V  [jvm.dll+0x3f8078]  (no source info available)
V  [jvm.dll+0x3f7d67]  (no source info available)
V  [jvm.dll+0x40c839]  (no source info available)
V  [jvm.dll+0x40cc7a]  (no source info available)
V  [jvm.dll+0x40cd67]  (no source info available)
V  [jvm.dll+0x40de67]  (no source info available)
V  [jvm.dll+0x9998c1]  (no source info available)
V  [jvm.dll+0x906fcd]  (no source info available)
V  [jvm.dll+0x7a56d5]  (no source info available)
C  [ucrtbase.dll+0x21bb2]  (no source info available)
C  [KERNEL32.DLL+0x17374]  (no source info available)
C  [ntdll.dll+0x4cc91]  (no source info available)


---------------  P R O C E S S  ---------------

Threads class SMR info:
_java_thread_list=0x000001c409941020, length=21, elements={
0x000001c47085cba0, 0x000001c47f55c9b0, 0x000001c47f55f580, 0x000001c47f562ed0,
0x000001c47f563a90, 0x000001c47f564650, 0x000001c47f571280, 0x000001c47f571e40,
0x000001c47f60d750, 0x000001c4080408e0, 0x000001c408085a90, 0x000001c40855c510,
0x000001c40855d750, 0x000001c408d75260, 0x000001c408d93de0, 0x000001c40a1bf0c0,
0x000001c40a1bf880, 0x000001c40a172970, 0x000001c408e567f0, 0x000001c4099a35b0,
0x000001c4099a2de0
}

Java Threads: ( => current thread )
  0x000001c47085cba0 JavaThread "main"                              [_thread_blocked, id=16560, stack(0x000000b3f7500000,0x000000b3f7600000) (1024K)]
  0x000001c47f55c9b0 JavaThread "Reference Handler"          daemon [_thread_blocked, id=9404, stack(0x000000b3f7e00000,0x000000b3f7f00000) (1024K)]
  0x000001c47f55f580 JavaThread "Finalizer"                  daemon [_thread_blocked, id=7924, stack(0x000000b3f7f00000,0x000000b3f8000000) (1024K)]
  0x000001c47f562ed0 JavaThread "Signal Dispatcher"          daemon [_thread_blocked, id=19920, stack(0x000000b3f8000000,0x000000b3f8100000) (1024K)]
  0x000001c47f563a90 JavaThread "Attach Listener"            daemon [_thread_blocked, id=16356, stack(0x000000b3f8100000,0x000000b3f8200000) (1024K)]
  0x000001c47f564650 JavaThread "Service Thread"             daemon [_thread_blocked, id=10832, stack(0x000000b3f8200000,0x000000b3f8300000) (1024K)]
  0x000001c47f571280 JavaThread "Monitor Deflation Thread"   daemon [_thread_blocked, id=16164, stack(0x000000b3f8300000,0x000000b3f8400000) (1024K)]
  0x000001c47f571e40 JavaThread "C1 CompilerThread0"         daemon [_thread_blocked, id=13596, stack(0x000000b3f8400000,0x000000b3f8500000) (1024K)]
  0x000001c47f60d750 JavaThread "C1 CompilerThread1"         daemon [_thread_blocked, id=15996, stack(0x000000b3f8500000,0x000000b3f8600000) (1024K)]
  0x000001c4080408e0 JavaThread "C1 CompilerThread2"         daemon [_thread_blocked, id=13872, stack(0x000000b3f8600000,0x000000b3f8700000) (1024K)]
  0x000001c408085a90 JavaThread "Common-Cleaner"             daemon [_thread_blocked, id=19612, stack(0x000000b3f8700000,0x000000b3f8800000) (1024K)]
  0x000001c40855c510 JavaThread "Monitor Ctrl-Break"         daemon [_thread_in_native, id=8620, stack(0x000000b3f8800000,0x000000b3f8900000) (1024K)]
  0x000001c40855d750 JavaThread "Notification Thread"        daemon [_thread_blocked, id=2792, stack(0x000000b3f8900000,0x000000b3f8a00000) (1024K)]
  0x000001c408d75260 JavaThread "Thread-0"                          [_thread_blocked, id=16396, stack(0x000000b3f8a00000,0x000000b3f8b00000) (1024K)]
  0x000001c408d93de0 JavaThread "restartedMain"                     [_thread_blocked, id=4400, stack(0x000000b3f8b00000,0x000000b3f8c00000) (1024K)]
  0x000001c40a1bf0c0 JavaThread "Catalina-utility-1"                [_thread_blocked, id=5860, stack(0x000000b3f8f00000,0x000000b3f9000000) (1024K)]
  0x000001c40a1bf880 JavaThread "Catalina-utility-2"                [_thread_blocked, id=19532, stack(0x000000b3f9000000,0x000000b3f9100000) (1024K)]
  0x000001c40a172970 JavaThread "container-0"                       [_thread_blocked, id=19760, stack(0x000000b3f9100000,0x000000b3f9200000) (1024K)]
  0x000001c408e567f0 JavaThread "mysql-cj-abandoned-connection-cleanup" daemon [_thread_blocked, id=20260, stack(0x000000b3f9200000,0x000000b3f9300000) (1024K)]
  0x000001c4099a35b0 JavaThread "HikariPool-1:housekeeper"   daemon [_thread_blocked, id=18968, stack(0x000000b3f9400000,0x000000b3f9500000) (1024K)]
  0x000001c4099a2de0 JavaThread "HikariPool-1:connection-adder" daemon [_thread_blocked, id=20368, stack(0x000000b3f9500000,0x000000b3f9600000) (1024K)]
Total: 21

Other Threads:
  0x000001c47f54b7e0 VMThread "VM Thread"                           [id=7892, stack(0x000000b3f7d00000,0x000000b3f7e00000) (1024K)]
  0x000001c47f53c6d0 WatcherThread "VM Periodic Task Thread"        [id=15660, stack(0x000000b3f7c00000,0x000000b3f7d00000) (1024K)]
  0x000001c46e70e000 WorkerThread "GC Thread#0"                     [id=18944, stack(0x000000b3f7700000,0x000000b3f7800000) (1024K)]
  0x000001c408d9c5d0 WorkerThread "GC Thread#1"                     [id=12300, stack(0x000000b3f8c00000,0x000000b3f8d00000) (1024K)]
  0x000001c408d9ca00 WorkerThread "GC Thread#2"                     [id=16152, stack(0x000000b3f8d00000,0x000000b3f8e00000) (1024K)]
=>0x000001c408d9ce30 WorkerThread "GC Thread#3"                     [id=16988, stack(0x000000b3f8e00000,0x000000b3f8f00000) (1024K)]
  0x000001c4708d73f0 ConcurrentGCThread "G1 Main Marker"            [id=2520, stack(0x000000b3f7800000,0x000000b3f7900000) (1024K)]
  0x000001c4708d7d40 WorkerThread "G1 Conc#0"                       [id=2288, stack(0x000000b3f7900000,0x000000b3f7a00000) (1024K)]
  0x000001c47090d700 ConcurrentGCThread "G1 Refine#0"               [id=14932, stack(0x000000b3f7a00000,0x000000b3f7b00000) (1024K)]
  0x000001c47090e1c0 ConcurrentGCThread "G1 Service"                [id=7280, stack(0x000000b3f7b00000,0x000000b3f7c00000) (1024K)]
Total: 10

Threads with active compile tasks:
Total: 0

VM state: at safepoint (normal execution)

VM Mutex/Monitor currently owned by a thread:  ([mutex/lock_event])
[0x00007ffa73736ee8] FreeList_lock - owner thread: 0x000001c408d9ce30
[0x00007ffa737395e8] Threads_lock - owner thread: 0x000001c47f54b7e0
[0x00007ffa73739768] Heap_lock - owner thread: 0x000001c408d93de0

Heap address: 0x0000000700c00000, size: 4084 MB, Compressed Oops mode: Zero based, Oop shift amount: 3

CDS archive(s) mapped at: [0x000000009b000000-0x000000009bdd0000-0x000000009bdd0000), size 14483456, SharedBaseAddress: 0x000000009b000000, ArchiveRelocationMode: 1.
Compressed class space mapped at: 0x000000009c000000-0x00000000dc000000, reserved size: 1073741824
UseCompressedClassPointers 1, UseCompactObjectHeaders 0
Narrow klass pointer bits 32, Max shift 3
Narrow klass base: 0x000000009b000000, Narrow klass shift: 0
Encoding Range: [0x000000009b000000 - 0x000000019b000000), (4294967296 bytes)
Klass Range:    [0x000000009b010000 - 0x00000000dc000000), (1090453504 bytes)
Klass ID Range:  [65536 - 1090519033) (1090453497)
Protection zone: [0x000000009b000000 - 0x000000009b010000), (65536 bytes)

GC Precious Log:
 CardTable entry size: 512
 Card Set container configuration: InlinePtr #cards 4 size 8 Array Of Cards #cards 16 size 48 Howl #buckets 8 coarsen threshold 3686 Howl Bitmap #cards 512 size 80 coarsen threshold 460 Card regions per heap region 1 cards per card region 4096
 CPUs: 4 total, 4 available
 Memory: 16331M
 Large Page Support: Disabled
 NUMA Support: Disabled
 Compressed Oops: Enabled (Zero based)
 Heap Region Size: 2M
 Heap Min Capacity: 8M
 Heap Initial Capacity: 256M
 Heap Max Capacity: 4084M
 Pre-touch: Disabled
 Parallel Workers: 4
 Concurrent Workers: 1
 Concurrent Refinement Workers: 4
 Periodic GC: Disabled

Heap:
 garbage-first heap   total reserved 4182016K, committed 116736K, used 102840K [0x0000000700c00000, 0x0000000800000000)
  region size 2048K, 25 young (51200K), 2 survivors (4096K)

Heap Regions: E=young(eden), S=young(survivor), O=old, HS=humongous(starts), HC=humongous(continues), CS=collection set, F=free, TAMS=top-at-mark-start, PB=parsable bottom
|   0|0x0000000700c00000, 0x0000000700e00000, 0x0000000700e00000|100%| O|  |TAMS 0x0000000700c00000| PB 0x0000000700c00000| Untracked |  0
|   1|0x0000000700e00000, 0x0000000701000000, 0x0000000701000000|100%| O|  |TAMS 0x0000000700e00000| PB 0x0000000700e00000| Untracked |  0
|   2|0x0000000701000000, 0x0000000701200000, 0x0000000701200000|100%| O|  |TAMS 0x0000000701000000| PB 0x0000000701000000| Untracked |  0
|   3|0x0000000701200000, 0x0000000701400000, 0x0000000701400000|100%| O|  |TAMS 0x0000000701200000| PB 0x0000000701200000| Untracked |  0
|   4|0x0000000701400000, 0x0000000701600000, 0x0000000701600000|100%| O|  |TAMS 0x0000000701400000| PB 0x0000000701400000| Untracked |  0
|   5|0x0000000701600000, 0x0000000701800000, 0x0000000701800000|100%| O|  |TAMS 0x0000000701600000| PB 0x0000000701600000| Untracked |  0
|   6|0x0000000701800000, 0x0000000701a00000, 0x0000000701a00000|100%| O|  |TAMS 0x0000000701800000| PB 0x0000000701800000| Untracked |  0
|   7|0x0000000701a00000, 0x0000000701c00000, 0x0000000701c00000|100%| O|  |TAMS 0x0000000701a00000| PB 0x0000000701a00000| Untracked |  0
|   8|0x0000000701c00000, 0x0000000701e00000, 0x0000000701e00000|100%| O|  |TAMS 0x0000000701c00000| PB 0x0000000701c00000| Untracked |  0
|   9|0x0000000701e00000, 0x0000000702000000, 0x0000000702000000|100%| O|  |TAMS 0x0000000701e00000| PB 0x0000000701e00000| Untracked |  0
|  10|0x0000000702000000, 0x0000000702200000, 0x0000000702200000|100%| O|  |TAMS 0x0000000702000000| PB 0x0000000702000000| Untracked |  0
|  11|0x0000000702200000, 0x0000000702400000, 0x0000000702400000|100%| O|  |TAMS 0x0000000702200000| PB 0x0000000702200000| Untracked |  0
|  12|0x0000000702400000, 0x0000000702600000, 0x0000000702600000|100%| O|  |TAMS 0x0000000702400000| PB 0x0000000702400000| Untracked |  0
|  13|0x0000000702600000, 0x0000000702800000, 0x0000000702800000|100%| O|  |TAMS 0x0000000702600000| PB 0x0000000702600000| Untracked |  0
|  14|0x0000000702800000, 0x0000000702a00000, 0x0000000702a00000|100%| O|  |TAMS 0x0000000702800000| PB 0x0000000702800000| Untracked |  0
|  15|0x0000000702a00000, 0x0000000702c00000, 0x0000000702c00000|100%| O|  |TAMS 0x0000000702a00000| PB 0x0000000702a00000| Untracked |  0
|  16|0x0000000702c00000, 0x0000000702e00000, 0x0000000702e00000|100%| O|  |TAMS 0x0000000702c00000| PB 0x0000000702c00000| Untracked |  0
|  17|0x0000000702e00000, 0x0000000703000000, 0x0000000703000000|100%| O|  |TAMS 0x0000000702e00000| PB 0x0000000702e00000| Untracked |  0
|  18|0x0000000703000000, 0x0000000703200000, 0x0000000703200000|100%| O|  |TAMS 0x0000000703000000| PB 0x0000000703000000| Untracked |  0
|  19|0x0000000703200000, 0x0000000703400000, 0x0000000703400000|100%| O|  |TAMS 0x0000000703200000| PB 0x0000000703200000| Untracked |  0
|  20|0x0000000703400000, 0x0000000703600000, 0x0000000703600000|100%| O|  |TAMS 0x0000000703400000| PB 0x0000000703400000| Untracked |  0
|  21|0x0000000703600000, 0x0000000703800000, 0x0000000703800000|100%| O|  |TAMS 0x0000000703600000| PB 0x0000000703600000| Untracked |  0
|  22|0x0000000703800000, 0x0000000703a00000, 0x0000000703a00000|100%| O|  |TAMS 0x0000000703800000| PB 0x0000000703800000| Untracked |  0
|  23|0x0000000703a00000, 0x0000000703c00000, 0x0000000703c00000|100%| O|  |TAMS 0x0000000703a00000| PB 0x0000000703a00000| Untracked |  0
|  24|0x0000000703c00000, 0x0000000703e00000, 0x0000000703e00000|100%| O|  |TAMS 0x0000000703c00000| PB 0x0000000703c00000| Untracked |  0
|  25|0x0000000703e00000, 0x0000000704000000, 0x0000000704000000|100%| O|  |TAMS 0x0000000703e00000| PB 0x0000000703e00000| Untracked |  0
|  26|0x0000000704000000, 0x0000000704200000, 0x0000000704200000|100%| O|  |TAMS 0x0000000704000000| PB 0x0000000704000000| Untracked |  0
|  27|0x0000000704200000, 0x00000007042dd220, 0x0000000704400000| 43%| O|  |TAMS 0x0000000704200000| PB 0x0000000704200000| Untracked |  0
|  28|0x0000000704400000, 0x0000000704600000, 0x0000000704600000|100%| E|CS|TAMS 0x0000000704400000| PB 0x0000000704400000| Complete |  0
|  29|0x0000000704600000, 0x0000000704800000, 0x0000000704800000|100%| E|CS|TAMS 0x0000000704600000| PB 0x0000000704600000| Complete |  0
|  30|0x0000000704800000, 0x0000000704a00000, 0x0000000704a00000|100%| E|CS|TAMS 0x0000000704800000| PB 0x0000000704800000| Complete |  0
|  31|0x0000000704a00000, 0x0000000704c00000, 0x0000000704c00000|100%| E|CS|TAMS 0x0000000704a00000| PB 0x0000000704a00000| Complete |  0
|  32|0x0000000704c00000, 0x0000000704e00000, 0x0000000704e00000|100%| S|  |TAMS 0x0000000704c00000| PB 0x0000000704c00000| Complete |  0
|  33|0x0000000704e00000, 0x0000000705000000, 0x0000000705000000|100%| S|  |TAMS 0x0000000704e00000| PB 0x0000000704e00000| Complete |  0
|  34|0x0000000705000000, 0x0000000705200000, 0x0000000705200000|100%| E|CS|TAMS 0x0000000705000000| PB 0x0000000705000000| Complete |  0
|  35|0x0000000705200000, 0x0000000705400000, 0x0000000705400000|100%| E|CS|TAMS 0x0000000705200000| PB 0x0000000705200000| Complete |  0
|  36|0x0000000705400000, 0x0000000705600000, 0x0000000705600000|100%| E|CS|TAMS 0x0000000705400000| PB 0x0000000705400000| Complete |  0
|  37|0x0000000705600000, 0x0000000705800000, 0x0000000705800000|100%| E|CS|TAMS 0x0000000705600000| PB 0x0000000705600000| Complete |  0
|  38|0x0000000705800000, 0x0000000705a00000, 0x0000000705a00000|100%| E|CS|TAMS 0x0000000705800000| PB 0x0000000705800000| Complete |  0
|  39|0x0000000705a00000, 0x0000000705c00000, 0x0000000705c00000|100%| E|CS|TAMS 0x0000000705a00000| PB 0x0000000705a00000| Complete |  0
|  40|0x0000000705c00000, 0x0000000705e00000, 0x0000000705e00000|100%| E|CS|TAMS 0x0000000705c00000| PB 0x0000000705c00000| Complete |  0
|  41|0x0000000705e00000, 0x0000000706000000, 0x0000000706000000|100%| E|CS|TAMS 0x0000000705e00000| PB 0x0000000705e00000| Complete |  0
|  42|0x0000000706000000, 0x0000000706200000, 0x0000000706200000|100%| E|CS|TAMS 0x0000000706000000| PB 0x0000000706000000| Complete |  0
|  43|0x0000000706200000, 0x0000000706400000, 0x0000000706400000|100%| E|CS|TAMS 0x0000000706200000| PB 0x0000000706200000| Complete |  0
|  44|0x0000000706400000, 0x0000000706600000, 0x0000000706600000|100%| E|CS|TAMS 0x0000000706400000| PB 0x0000000706400000| Complete |  0
|  45|0x0000000706600000, 0x0000000706800000, 0x0000000706800000|100%| E|CS|TAMS 0x0000000706600000| PB 0x0000000706600000| Complete |  0
|  46|0x0000000706800000, 0x0000000706a00000, 0x0000000706a00000|100%| E|CS|TAMS 0x0000000706800000| PB 0x0000000706800000| Complete |  0
|  47|0x0000000706a00000, 0x0000000706c00000, 0x0000000706c00000|100%| E|CS|TAMS 0x0000000706a00000| PB 0x0000000706a00000| Complete |  0
|  82|0x000000070b000000, 0x000000070b200000, 0x000000070b200000|100%| E|CS|TAMS 0x000000070b000000| PB 0x000000070b000000| Complete |  0
|  83|0x000000070b200000, 0x000000070b400000, 0x000000070b400000|100%| E|CS|TAMS 0x000000070b200000| PB 0x000000070b200000| Complete |  0
|  84|0x000000070b400000, 0x000000070b600000, 0x000000070b600000|100%| E|CS|TAMS 0x000000070b400000| PB 0x000000070b400000| Complete |  0
|  85|0x000000070b600000, 0x000000070b800000, 0x000000070b800000|100%| E|CS|TAMS 0x000000070b600000| PB 0x000000070b600000| Complete |  0
|  86|0x000000070b800000, 0x000000070ba00000, 0x000000070ba00000|100%| E|CS|TAMS 0x000000070b800000| PB 0x000000070b800000| Complete |  0
|  87|0x000000070ba00000, 0x000000070bc00000, 0x000000070bc00000|100%| E|CS|TAMS 0x000000070ba00000| PB 0x000000070ba00000| Complete |  0
|  88|0x000000070bc00000, 0x000000070be00000, 0x000000070be00000|100%| E|CS|TAMS 0x000000070bc00000| PB 0x000000070bc00000| Complete |  0
| 127|0x0000000710a00000, 0x0000000710c00000, 0x0000000710c00000|100%| E|CS|TAMS 0x0000000710a00000| PB 0x0000000710a00000| Complete |  0
|2041|0x00000007ffe00000, 0x0000000800000000, 0x0000000800000000|100%| E|CS|TAMS 0x00000007ffe00000| PB 0x00000007ffe00000| Complete |  0

Card table byte_map: [0x000001c47c8e0000,0x000001c47d0e0000] _byte_map_base: 0x000001c4790da000

Marking Bits: (CMBitMap*) 0x000001c46e70e640
 Bits: [0x000001c400000000, 0x000001c403fd0000)

Polling page: 0x000001c46e5a0000

Metaspace:
Metaspace        used 81014K, committed 81536K, reserved 1179648K
 class space     used 12347K, committed 12544K, reserved 1048576K

Usage:
  Non-class:     67.06 MB used.
      Class:     12.06 MB used.
       Both:     79.12 MB used.

Virtual space:
  Non-class space:      128.00 MB reserved,      67.38 MB ( 53%) committed,  2 nodes.
      Class space:        1.00 GB reserved,      12.25 MB (  1%) committed,  1 nodes.
             Both:        1.12 GB reserved,      79.62 MB (  7%) committed. 

Chunk freelists:
   Non-Class:  11.89 MB
       Class:  3.57 MB
        Both:  15.46 MB

MaxMetaspaceSize: unlimited
CompressedClassSpaceSize: 1.00 GB
Initial GC threshold: 21.00 MB
Current GC threshold: 129.19 MB
CDS: on
 - commit_granule_bytes: 65536.
 - commit_granule_words: 8192.
 - virtual_space_node_default_size: 8388608.
 - enlarge_chunks_in_place: 1.
UseCompressedClassPointers 1, UseCompactObjectHeaders 0
Narrow klass pointer bits 32, Max shift 3
Narrow klass base: 0x000000009b000000, Narrow klass shift: 0
Encoding Range: [0x000000009b000000 - 0x000000019b000000), (4294967296 bytes)
Klass Range:    [0x000000009b010000 - 0x00000000dc000000), (1090453504 bytes)
Klass ID Range:  [65536 - 1090519033) (1090453497)
Protection zone: [0x000000009b000000 - 0x000000009b010000), (65536 bytes)


Internal statistics:

num_allocs_failed_limit: 12.
num_arena_births: 648.
num_arena_deaths: 0.
num_vsnodes_births: 3.
num_vsnodes_deaths: 0.
num_space_committed: 1274.
num_space_uncommitted: 0.
num_chunks_returned_to_freelist: 12.
num_chunks_taken_from_freelist: 3451.
num_chunk_merges: 9.
num_chunk_splits: 2647.
num_chunks_enlarged: 2258.
num_inconsistent_stats: 0.

CodeCache: size=49152Kb used=11480Kb max_used=11480Kb free=37671Kb
 bounds [0x000001c4790e0000, 0x000001c479c20000, 0x000001c47c0e0000]
 total_blobs=8839, nmethods=8069, adapters=691, full_count=0
Compilation: enabled, stopped_count=0, restarted_count=0

Compilation events (20 events):
Event: 6.914 Thread 0x000001c4080408e0 8199       1       java.util.ArrayList::equalsArrayList (108 bytes)
Event: 6.914 Thread 0x000001c4080408e0 nmethod 8199 0x000001c479c13c88 code [0x000001c479c13d80, 0x000001c479c14128]
Event: 6.957 Thread 0x000001c4080408e0 8200   !   1       org.antlr.v4.runtime.atn.LexerATNSimulator::match (96 bytes)
Event: 6.957 Thread 0x000001c47f571e40 8201       1       org.antlr.v4.runtime.atn.LexerATNSimulator$SimState::reset (21 bytes)
Event: 6.957 Thread 0x000001c47f571e40 nmethod 8201 0x000001c479c14188 code [0x000001c479c14280, 0x000001c479c14388]
Event: 6.957 Thread 0x000001c4080408e0 nmethod 8200 0x000001c479c14488 code [0x000001c479c14580, 0x000001c479c148c0]
Event: 6.957 Thread 0x000001c47f571e40 8202       1       org.antlr.v4.runtime.atn.LexerATNSimulator::execATN (131 bytes)
Event: 6.957 Thread 0x000001c47f60d750 8203       1       org.antlr.v4.runtime.atn.LexerATNSimulator::failOrAccept (86 bytes)
Event: 6.957 Thread 0x000001c47f60d750 nmethod 8203 0x000001c479c14908 code [0x000001c479c14a00, 0x000001c479c14c80]
Event: 6.957 Thread 0x000001c4080408e0 8204       1       org.antlr.v4.runtime.atn.LexerATNSimulator::accept (42 bytes)
Event: 6.957 Thread 0x000001c4080408e0 nmethod 8204 0x000001c479c14d08 code [0x000001c479c14e00, 0x000001c479c14f58]
Event: 6.957 Thread 0x000001c47f571e40 nmethod 8202 0x000001c479c15008 code [0x000001c479c15100, 0x000001c479c15620]
Event: 6.958 Thread 0x000001c47f60d750 8205       1       org.antlr.v4.runtime.atn.ATNConfig::<init> (11 bytes)
Event: 6.958 Thread 0x000001c47f60d750 nmethod 8205 0x000001c479c15688 code [0x000001c479c15780, 0x000001c479c15980]
Event: 6.963 Thread 0x000001c47f571e40 8206       1       org.hibernate.internal.util.collections.StandardStack::getCurrent (21 bytes)
Event: 6.963 Thread 0x000001c47f571e40 nmethod 8206 0x000001c479c15a08 code [0x000001c479c15b00, 0x000001c479c15c48]
Event: 6.973 Thread 0x000001c47f571e40 8207       1       org.antlr.v4.runtime.Lexer::getLine (11 bytes)
Event: 6.973 Thread 0x000001c4080408e0 8208       1       org.antlr.v4.runtime.Lexer::getCharPositionInLine (11 bytes)
Event: 6.973 Thread 0x000001c4080408e0 nmethod 8208 0x000001c479c15d08 code [0x000001c479c15e00, 0x000001c479c15f08]
Event: 6.973 Thread 0x000001c47f571e40 nmethod 8207 0x000001c479c16008 code [0x000001c479c16100, 0x000001c479c16208]

GC Heap Usage History (20 events):
Event: 5.521 {heap After GC invocations=15 (full 0):
 garbage-first heap   total reserved 4182016K, committed 75776K, used 40739K [0x0000000700c00000, 0x0000000800000000)
  region size 2048K, 1 young (2048K), 1 survivors (2048K)
}
Event: 5.880 {heap Before GC invocations=15 (full 0):
 garbage-first heap   total reserved 4182016K, committed 75776K, used 65315K [0x0000000700c00000, 0x0000000800000000)
  region size 2048K, 14 young (28672K), 1 survivors (2048K)
}
Event: 5.884 {heap After GC invocations=16 (full 0):
 garbage-first heap   total reserved 4182016K, committed 75776K, used 41023K [0x0000000700c00000, 0x0000000800000000)
  region size 2048K, 2 young (4096K), 2 survivors (4096K)
}
Event: 6.200 {heap Before GC invocations=16 (full 0):
 garbage-first heap   total reserved 4182016K, committed 75776K, used 65599K [0x0000000700c00000, 0x0000000800000000)
  region size 2048K, 15 young (30720K), 2 survivors (4096K)
}
Event: 6.204 {heap After GC invocations=17 (full 0):
 garbage-first heap   total reserved 4182016K, committed 75776K, used 43425K [0x0000000700c00000, 0x0000000800000000)
  region size 2048K, 2 young (4096K), 2 survivors (4096K)
}
Event: 6.275 {heap Before GC invocations=18 (full 0):
 garbage-first heap   total reserved 4182016K, committed 75776K, used 68001K [0x0000000700c00000, 0x0000000800000000)
  region size 2048K, 14 young (28672K), 2 survivors (4096K)
}
Event: 6.279 {heap After GC invocations=19 (full 0):
 garbage-first heap   total reserved 4182016K, committed 75776K, used 45016K [0x0000000700c00000, 0x0000000800000000)
  region size 2048K, 1 young (2048K), 1 survivors (2048K)
}
Event: 6.323 {heap Before GC invocations=19 (full 0):
 garbage-first heap   total reserved 4182016K, committed 75776K, used 67544K [0x0000000700c00000, 0x0000000800000000)
  region size 2048K, 12 young (24576K), 1 survivors (2048K)
}
Event: 6.325 {heap After GC invocations=20 (full 0):
 garbage-first heap   total reserved 4182016K, committed 75776K, used 45633K [0x0000000700c00000, 0x0000000800000000)
  region size 2048K, 1 young (2048K), 1 survivors (2048K)
}
Event: 6.379 {heap Before GC invocations=20 (full 0):
 garbage-first heap   total reserved 4182016K, committed 75776K, used 68161K [0x0000000700c00000, 0x0000000800000000)
  region size 2048K, 12 young (24576K), 1 survivors (2048K)
}
Event: 6.381 {heap After GC invocations=21 (full 0):
 garbage-first heap   total reserved 4182016K, committed 75776K, used 44625K [0x0000000700c00000, 0x0000000800000000)
  region size 2048K, 1 young (2048K), 1 survivors (2048K)
}
Event: 6.487 {heap Before GC invocations=21 (full 0):
 garbage-first heap   total reserved 4182016K, committed 75776K, used 67153K [0x0000000700c00000, 0x0000000800000000)
  region size 2048K, 12 young (24576K), 1 survivors (2048K)
}
Event: 6.490 {heap After GC invocations=22 (full 0):
 garbage-first heap   total reserved 4182016K, committed 75776K, used 46659K [0x0000000700c00000, 0x0000000800000000)
  region size 2048K, 2 young (4096K), 2 survivors (4096K)
}
Event: 6.733 {heap Before GC invocations=23 (full 0):
 garbage-first heap   total reserved 4182016K, committed 81920K, used 67139K [0x0000000700c00000, 0x0000000800000000)
  region size 2048K, 13 young (26624K), 2 survivors (4096K)
}
Event: 6.736 {heap After GC invocations=24 (full 0):
 garbage-first heap   total reserved 4182016K, committed 81920K, used 47319K [0x0000000700c00000, 0x0000000800000000)
  region size 2048K, 1 young (2048K), 1 survivors (2048K)
}
Event: 6.794 {heap Before GC invocations=24 (full 0):
 garbage-first heap   total reserved 4182016K, committed 81920K, used 73943K [0x0000000700c00000, 0x0000000800000000)
  region size 2048K, 14 young (28672K), 1 survivors (2048K)
}
Event: 6.798 {heap After GC invocations=25 (full 0):
 garbage-first heap   total reserved 4182016K, committed 116736K, used 49758K [0x0000000700c00000, 0x0000000800000000)
  region size 2048K, 2 young (4096K), 2 survivors (4096K)
}
Event: 6.922 {heap Before GC invocations=25 (full 0):
 garbage-first heap   total reserved 4182016K, committed 116736K, used 100958K [0x0000000700c00000, 0x0000000800000000)
  region size 2048K, 27 young (55296K), 2 survivors (4096K)
}
Event: 6.928 {heap After GC invocations=26 (full 0):
 garbage-first heap   total reserved 4182016K, committed 116736K, used 55736K [0x0000000700c00000, 0x0000000800000000)
  region size 2048K, 4 young (8192K), 4 survivors (8192K)
}
Event: 7.035 {heap Before GC invocations=26 (full 0):
 garbage-first heap   total reserved 4182016K, committed 116736K, used 102840K [0x0000000700c00000, 0x0000000800000000)
  region size 2048K, 27 young (55296K), 4 survivors (8192K)
}

Metaspace Usage History (20 events):
Event: 5.521 {metaspace After GC invocations=15 (full 0):
 Metaspace       used 66632K, committed 67136K, reserved 1114112K
  class space    used 9797K, committed 10048K, reserved 1048576K
}
Event: 5.880 {metaspace Before GC invocations=15 (full 0):
 Metaspace       used 70887K, committed 71424K, reserved 1114112K
  class space    used 10469K, committed 10688K, reserved 1048576K
}
Event: 5.884 {metaspace After GC invocations=16 (full 0):
 Metaspace       used 70887K, committed 71424K, reserved 1114112K
  class space    used 10469K, committed 10688K, reserved 1048576K
}
Event: 6.200 {metaspace Before GC invocations=16 (full 0):
 Metaspace       used 76051K, committed 76608K, reserved 1179648K
  class space    used 11356K, committed 11584K, reserved 1048576K
}
Event: 6.204 {metaspace After GC invocations=17 (full 0):
 Metaspace       used 76051K, committed 76608K, reserved 1179648K
  class space    used 11356K, committed 11584K, reserved 1048576K
}
Event: 6.275 {metaspace Before GC invocations=18 (full 0):
 Metaspace       used 76210K, committed 76736K, reserved 1179648K
  class space    used 11378K, committed 11584K, reserved 1048576K
}
Event: 6.279 {metaspace After GC invocations=19 (full 0):
 Metaspace       used 76210K, committed 76736K, reserved 1179648K
  class space    used 11378K, committed 11584K, reserved 1048576K
}
Event: 6.323 {metaspace Before GC invocations=19 (full 0):
 Metaspace       used 76210K, committed 76736K, reserved 1179648K
  class space    used 11378K, committed 11584K, reserved 1048576K
}
Event: 6.325 {metaspace After GC invocations=20 (full 0):
 Metaspace       used 76210K, committed 76736K, reserved 1179648K
  class space    used 11378K, committed 11584K, reserved 1048576K
}
Event: 6.379 {metaspace Before GC invocations=20 (full 0):
 Metaspace       used 76314K, committed 76864K, reserved 1179648K
  class space    used 11389K, committed 11584K, reserved 1048576K
}
Event: 6.381 {metaspace After GC invocations=21 (full 0):
 Metaspace       used 76314K, committed 76864K, reserved 1179648K
  class space    used 11389K, committed 11584K, reserved 1048576K
}
Event: 6.487 {metaspace Before GC invocations=21 (full 0):
 Metaspace       used 77879K, committed 78464K, reserved 1179648K
  class space    used 11817K, committed 12032K, reserved 1048576K
}
Event: 6.490 {metaspace After GC invocations=22 (full 0):
 Metaspace       used 77879K, committed 78464K, reserved 1179648K
  class space    used 11817K, committed 12032K, reserved 1048576K
}
Event: 6.733 {metaspace Before GC invocations=23 (full 0):
 Metaspace       used 80875K, committed 81408K, reserved 1179648K
  class space    used 12308K, committed 12544K, reserved 1048576K
}
Event: 6.736 {metaspace After GC invocations=24 (full 0):
 Metaspace       used 80875K, committed 81408K, reserved 1179648K
  class space    used 12308K, committed 12544K, reserved 1048576K
}
Event: 6.794 {metaspace Before GC invocations=24 (full 0):
 Metaspace       used 80875K, committed 81408K, reserved 1179648K
  class space    used 12308K, committed 12544K, reserved 1048576K
}
Event: 6.798 {metaspace After GC invocations=25 (full 0):
 Metaspace       used 80875K, committed 81408K, reserved 1179648K
  class space    used 12308K, committed 12544K, reserved 1048576K
}
Event: 6.922 {metaspace Before GC invocations=25 (full 0):
 Metaspace       used 80885K, committed 81472K, reserved 1179648K
  class space    used 12309K, committed 12544K, reserved 1048576K
}
Event: 6.928 {metaspace After GC invocations=26 (full 0):
 Metaspace       used 80885K, committed 81472K, reserved 1179648K
  class space    used 12309K, committed 12544K, reserved 1048576K
}
Event: 7.035 {metaspace Before GC invocations=26 (full 0):
 Metaspace       used 81014K, committed 81536K, reserved 1179648K
  class space    used 12347K, committed 12544K, reserved 1048576K
}

Dll operation events (11 events):
Event: 0.010 Loaded shared library C:\Users\Usuario\.jdks\openjdk-25.0.2\bin\java.dll
Event: 0.190 Loaded shared library C:\Users\Usuario\.jdks\openjdk-25.0.2\bin\zip.dll
Event: 0.193 Loaded shared library C:\Users\Usuario\.jdks\openjdk-25.0.2\bin\instrument.dll
Event: 0.197 Loaded shared library C:\Users\Usuario\.jdks\openjdk-25.0.2\bin\net.dll
Event: 0.198 Loaded shared library C:\Users\Usuario\.jdks\openjdk-25.0.2\bin\nio.dll
Event: 0.201 Loaded shared library C:\Users\Usuario\.jdks\openjdk-25.0.2\bin\zip.dll
Event: 0.305 Loaded shared library C:\Users\Usuario\.jdks\openjdk-25.0.2\bin\extnet.dll
Event: 0.316 Loaded shared library C:\Users\Usuario\.jdks\openjdk-25.0.2\bin\jimage.dll
Event: 0.570 Loaded shared library C:\Users\Usuario\.jdks\openjdk-25.0.2\bin\management.dll
Event: 0.572 Loaded shared library C:\Users\Usuario\.jdks\openjdk-25.0.2\bin\management_ext.dll
Event: 1.428 Loaded shared library C:\Users\Usuario\.jdks\openjdk-25.0.2\bin\sunmscapi.dll

Deoptimization events (8 events):
Event: 2.552 Thread 0x000001c408d93de0 DEOPT PACKING pc=0x000001c4797f34ac sp=0x000000b3f8bfc960
Event: 2.552 Thread 0x000001c408d93de0 DEOPT UNPACKING pc=0x000001c479131702 sp=0x000000b3f8bfbe68 mode 0
Event: 3.209 Thread 0x000001c40a1bf0c0 DEOPT PACKING pc=0x000001c4794afee1 sp=0x000000b3f8ffef00
Event: 3.209 Thread 0x000001c40a1bf0c0 DEOPT UNPACKING pc=0x000001c479131702 sp=0x000000b3f8ffe358 mode 3
Event: 3.210 Thread 0x000001c40a1bf880 DEOPT PACKING pc=0x000001c4794c74e6 sp=0x000000b3f90fecc0
Event: 3.210 Thread 0x000001c40a1bf880 DEOPT UNPACKING pc=0x000001c479131702 sp=0x000000b3f90fe158 mode 3
Event: 5.414 Thread 0x000001c408d93de0 DEOPT PACKING pc=0x000001c479a5e07c sp=0x000000b3f8bfcf80
Event: 5.414 Thread 0x000001c408d93de0 DEOPT UNPACKING pc=0x000001c479131702 sp=0x000000b3f8bfc418 mode 0

Classes loaded (20 events):
Event: 6.034 Loading class java/lang/Package$1PackageInfoProxy
Event: 6.034 Loading class java/lang/Package$1PackageInfoProxy done
Event: 6.096 Loading class java/lang/invoke/WrongMethodTypeException
Event: 6.096 Loading class java/lang/invoke/WrongMethodTypeException done
Event: 6.103 Loading class java/util/regex/Pattern$Bound
Event: 6.103 Loading class java/util/regex/Pattern$Bound done
Event: 6.104 Loading class java/util/regex/Pattern$Behind
Event: 6.104 Loading class java/util/regex/Pattern$Behind done
Event: 6.114 Loading class java/util/EmptyStackException
Event: 6.114 Loading class java/util/EmptyStackException done
Event: 6.184 Loading class java/io/InvalidClassException
Event: 6.184 Loading class java/io/InvalidClassException done
Event: 6.654 Loading class sun/reflect/ReflectionFactory
Event: 6.654 Loading class sun/reflect/ReflectionFactory done
Event: 6.654 Loading class java/io/OptionalDataException
Event: 6.654 Loading class java/io/OptionalDataException done
Event: 6.671 Loading class java/lang/UnknownError
Event: 6.671 Loading class java/lang/UnknownError done
Event: 6.696 Loading class java/util/WeakHashMap$KeyIterator
Event: 6.696 Loading class java/util/WeakHashMap$KeyIterator done

Classes unloaded (0 events):
No events

Classes redefined (0 events):
No events

Internal exceptions (20 events):
Event: 4.970 Thread 0x000001c408d93de0 Exception <a 'java/lang/NoSuchMethodError'{0x000000070b950ef0}: 'java.lang.Object java.lang.invoke.DirectMethodHandle$Holder.invokeSpecial(java.lang.Object, java.lang.Object, java.lang.Object, java.lang.Object, long)'> (0x000000070b950ef0) 
thrown [s\open\src\hotspot\share\interpreter\linkResolver.cpp, line 804]
Event: 4.970 Thread 0x000001c408d93de0 Exception <a 'java/lang/NoSuchMethodError'{0x000000070b961470}: 'java.lang.Object java.lang.invoke.Invokers$Holder.linkToTargetMethod(java.lang.Object, long, java.lang.Object)'> (0x000000070b961470) 
thrown [s\open\src\hotspot\share\interpreter\linkResolver.cpp, line 804]
Event: 5.010 Thread 0x000001c408d93de0 Exception <a 'java/lang/IncompatibleClassChangeError'{0x000000070b5485c8}: Found class java.lang.Object, but interface was expected> (0x000000070b5485c8) 
thrown [s\open\src\hotspot\share\interpreter\linkResolver.cpp, line 871]
Event: 5.023 Thread 0x000001c408d93de0 Exception <a 'java/lang/NoSuchMethodError'{0x00000007ffe51df0}: 'java.lang.Object java.lang.invoke.DirectMethodHandle$Holder.invokeStatic(java.lang.Object, java.lang.Object, int, java.lang.Object)'> (0x00000007ffe51df0) 
thrown [s\open\src\hotspot\share\interpreter\linkResolver.cpp, line 804]
Event: 5.023 Thread 0x000001c408d93de0 Exception <a 'java/lang/NoSuchMethodError'{0x00000007ffe59fe8}: 'java.lang.Object java.lang.invoke.DirectMethodHandle$Holder.invokeStaticInit(java.lang.Object, java.lang.Object, int, java.lang.Object)'> (0x00000007ffe59fe8) 
thrown [s\open\src\hotspot\share\interpreter\linkResolver.cpp, line 804]
Event: 5.615 Thread 0x000001c408d93de0 Exception <a 'java/lang/NoSuchMethodError'{0x000000070b78ddd0}: 'void java.lang.invoke.DirectMethodHandle$Holder.invokeStaticInit(java.lang.Object, int, java.lang.Object, java.lang.Object, java.lang.Object, java.lang.Object)'> (0x000000070b78ddd0) 
thrown [s\open\src\hotspot\share\interpreter\linkResolver.cpp, line 804]
Event: 5.634 Thread 0x000001c408d93de0 Exception <a 'java/lang/NoSuchMethodError'{0x000000070b469848}: 'int java.lang.invoke.DirectMethodHandle$Holder.invokeStatic(java.lang.Object, java.lang.Object, java.lang.Object, java.lang.Object, java.lang.Object, java.lang.Object)'> (0x000000070b469848) 
thrown [s\open\src\hotspot\share\interpreter\linkResolver.cpp, line 804]
Event: 5.636 Thread 0x000001c408d93de0 Exception <a 'java/lang/NoSuchMethodError'{0x000000070b482ac8}: 'int java.lang.invoke.DirectMethodHandle$Holder.invokeStatic(java.lang.Object, java.lang.Object, java.lang.Object, java.lang.Object, java.lang.Object)'> (0x000000070b482ac8) 
thrown [s\open\src\hotspot\share\interpreter\linkResolver.cpp, line 804]
Event: 5.656 Thread 0x000001c408d93de0 Exception <a 'java/lang/NoSuchMethodError'{0x000000070b582540}: 'void java.lang.invoke.DirectMethodHandle$Holder.invokeInterface(java.lang.Object, java.lang.Object, int, java.lang.Object)'> (0x000000070b582540) 
thrown [s\open\src\hotspot\share\interpreter\linkResolver.cpp, line 804]
Event: 5.659 Thread 0x000001c408d93de0 Exception <a 'java/lang/NoSuchMethodError'{0x000000070b5c3d90}: 'java.lang.Object java.lang.invoke.DirectMethodHandle$Holder.newInvokeSpecial(java.lang.Object, java.lang.Object, int, java.lang.Object)'> (0x000000070b5c3d90) 
thrown [s\open\src\hotspot\share\interpreter\linkResolver.cpp, line 804]
Event: 5.672 Thread 0x000001c408d93de0 Exception <a 'java/lang/NoSuchMethodError'{0x000000070b26e040}: 'void java.lang.invoke.DirectMethodHandle$Holder.invokeSpecial(java.lang.Object, java.lang.Object, java.lang.Object, java.lang.Object, java.lang.Object, java.lang.Object, java.lang.Object, java.lang.Object)'> (0x000000070b26e040) 
thrown [s\open\src\hotspot\share\interpreter\linkResolver.cpp, line 804]
Event: 5.698 Thread 0x000001c408d93de0 Exception <a 'java/lang/NoSuchMethodError'{0x000000070b0102e0}: 'int java.lang.invoke.DirectMethodHandle$Holder.invokeStatic(java.lang.Object, int, java.lang.Object)'> (0x000000070b0102e0) 
thrown [s\open\src\hotspot\share\interpreter\linkResolver.cpp, line 804]
Event: 5.703 Thread 0x000001c408d93de0 Exception <a 'java/lang/NoSuchMethodError'{0x000000070b089298}: 'java.lang.Object java.lang.invoke.Invokers$Holder.linkToTargetMethod(java.lang.Object, java.lang.Object, java.lang.Object, java.lang.Object, java.lang.Object, java.lang.Object, java.lang.Object, java.lang.Object, java.lang.Object, java.lang.Object, java.lang.Object, java.lang.Object)'> (0x000000070b089298) 
thrown [s\open\src\hotspot\share\interpreter\linkResolver.cpp, line 804]
Event: 5.732 Thread 0x000001c408d93de0 Exception <a 'java/lang/IncompatibleClassChangeError'{0x0000000704250848}: Found class java.lang.Object, but interface was expected> (0x0000000704250848) 
thrown [s\open\src\hotspot\share\interpreter\linkResolver.cpp, line 871]
Event: 5.740 Thread 0x000001c408d93de0 Exception <a 'java/lang/NoSuchMethodError'{0x00000007042da080}: 'java.lang.Object java.lang.invoke.DirectMethodHandle$Holder.newInvokeSpecial(java.lang.Object, java.lang.Object, int, java.lang.Object, int, java.lang.Object, java.lang.Object)'> (0x00000007042da080) 
thrown [s\open\src\hotspot\share\interpreter\linkResolver.cpp, line 804]
Event: 5.950 Thread 0x000001c408d93de0 Exception <a 'java/lang/IncompatibleClassChangeError'{0x000000070bd528e8}: Found class java.lang.Object, but interface was expected> (0x000000070bd528e8) 
thrown [s\open\src\hotspot\share\interpreter\linkResolver.cpp, line 871]
Event: 5.971 Thread 0x000001c408d93de0 Exception <a 'java/lang/IncompatibleClassChangeError'{0x000000070baea410}: Found class java.lang.Object, but interface was expected> (0x000000070baea410) 
thrown [s\open\src\hotspot\share\interpreter\linkResolver.cpp, line 871]
Event: 6.105 Thread 0x000001c408d93de0 Exception <a 'java/lang/IncompatibleClassChangeError'{0x00000007042eba68}: Found class java.lang.Object, but interface was expected> (0x00000007042eba68) 
thrown [s\open\src\hotspot\share\interpreter\linkResolver.cpp, line 871]
Event: 6.627 Thread 0x000001c408d93de0 Exception <a 'java/lang/IncompatibleClassChangeError'{0x000000070b57fa48}: Found class java.lang.Object, but interface was expected> (0x000000070b57fa48) 
thrown [s\open\src\hotspot\share\interpreter\linkResolver.cpp, line 871]
Event: 6.644 Thread 0x000001c408d93de0 Exception <a 'java/lang/NoSuchMethodError'{0x000000070b28ee50}: 'int java.lang.invoke.DirectMethodHandle$Holder.invokeStaticInit(java.lang.Object, int, java.lang.Object, java.lang.Object, java.lang.Object, java.lang.Object)'> (0x000000070b28ee50) 
thrown [s\open\src\hotspot\share\interpreter\linkResolver.cpp, line 804]

VM Operations (20 events):
Event: 6.279 Executing safepoint VM operation: G1CollectForAllocation (G1 Evacuation Pause) done
Event: 6.281 Executing safepoint VM operation: G1PauseCleanup
Event: 6.281 Executing safepoint VM operation: G1PauseCleanup done
Event: 6.323 Executing safepoint VM operation: G1CollectForAllocation (G1 Evacuation Pause)
Event: 6.325 Executing safepoint VM operation: G1CollectForAllocation (G1 Evacuation Pause) done
Event: 6.379 Executing safepoint VM operation: G1CollectForAllocation (G1 Evacuation Pause)
Event: 6.382 Executing safepoint VM operation: G1CollectForAllocation (G1 Evacuation Pause) done
Event: 6.487 Executing safepoint VM operation: G1CollectForAllocation (G1 Evacuation Pause)
Event: 6.490 Executing safepoint VM operation: G1CollectForAllocation (G1 Evacuation Pause) done
Event: 6.548 Executing safepoint VM operation: G1PauseRemark
Event: 6.551 Executing safepoint VM operation: G1PauseRemark done
Event: 6.572 Executing safepoint VM operation: G1PauseCleanup
Event: 6.572 Executing safepoint VM operation: G1PauseCleanup done
Event: 6.733 Executing safepoint VM operation: G1CollectForAllocation (G1 Evacuation Pause)
Event: 6.736 Executing safepoint VM operation: G1CollectForAllocation (G1 Evacuation Pause) done
Event: 6.794 Executing safepoint VM operation: G1CollectForAllocation (G1 Evacuation Pause)
Event: 6.798 Executing safepoint VM operation: G1CollectForAllocation (G1 Evacuation Pause) done
Event: 6.922 Executing safepoint VM operation: G1CollectForAllocation (G1 Evacuation Pause)
Event: 6.928 Executing safepoint VM operation: G1CollectForAllocation (G1 Evacuation Pause) done
Event: 7.035 Executing safepoint VM operation: G1CollectForAllocation (G1 Evacuation Pause)

Memory protections (0 events):
No events

Nmethod flushes (20 events):
Event: 6.258 Thread 0x000001c47f54b7e0 flushing  nmethod 0x000001c4795cae08
Event: 6.258 Thread 0x000001c47f54b7e0 flushing  nmethod 0x000001c47966d788
Event: 6.258 Thread 0x000001c47f54b7e0 flushing  nmethod 0x000001c4797bb888
Event: 6.258 Thread 0x000001c47f54b7e0 flushing  nmethod 0x000001c4799d2608
Event: 6.258 Thread 0x000001c47f54b7e0 flushing  nmethod 0x000001c4794afc88
Event: 6.258 Thread 0x000001c47f54b7e0 flushing  nmethod 0x000001c4798d1608
Event: 6.258 Thread 0x000001c47f54b7e0 flushing  nmethod 0x000001c47996e608
Event: 6.258 Thread 0x000001c47f54b7e0 flushing  nmethod 0x000001c47996ef88
Event: 6.258 Thread 0x000001c47f54b7e0 flushing  nmethod 0x000001c4799d9788
Event: 6.551 Thread 0x000001c47f54b7e0 flushing  nmethod 0x000001c479993308
Event: 6.551 Thread 0x000001c47f54b7e0 flushing  nmethod 0x000001c4799ada88
Event: 6.551 Thread 0x000001c47f54b7e0 flushing  nmethod 0x000001c479a5de08
Event: 6.551 Thread 0x000001c47f54b7e0 flushing  nmethod 0x000001c479b2bb08
Event: 6.551 Thread 0x000001c47f54b7e0 flushing  nmethod 0x000001c479b2c608
Event: 6.551 Thread 0x000001c47f54b7e0 flushing  nmethod 0x000001c479b2d508
Event: 6.551 Thread 0x000001c47f54b7e0 flushing  nmethod 0x000001c479b90388
Event: 6.551 Thread 0x000001c47f54b7e0 flushing  nmethod 0x000001c479864c88
Event: 6.551 Thread 0x000001c47f54b7e0 flushing  nmethod 0x000001c479a47708
Event: 6.551 Thread 0x000001c47f54b7e0 flushing  nmethod 0x000001c479b2d888
Event: 6.551 Thread 0x000001c47f54b7e0 flushing  nmethod 0x000001c479452b88

Events (20 events):
Event: 0.032 Thread 0x000001c47085cba0 Thread added: 0x000001c47f564650
Event: 0.032 Thread 0x000001c47085cba0 Thread added: 0x000001c47f571280
Event: 0.032 Thread 0x000001c47085cba0 Thread added: 0x000001c47f571e40
Event: 0.182 Thread 0x000001c47f571e40 Thread added: 0x000001c47f60d750
Event: 0.183 Thread 0x000001c47f60d750 Thread added: 0x000001c4080408e0
Event: 0.195 Thread 0x000001c47085cba0 Thread added: 0x000001c408085a90
Event: 0.293 Thread 0x000001c47085cba0 Thread added: 0x000001c40855c510
Event: 0.293 Thread 0x000001c47085cba0 Thread added: 0x000001c40855d750
Event: 0.633 Thread 0x000001c47085cba0 Thread added: 0x000001c408d75260
Event: 0.648 Thread 0x000001c408d75260 Thread added: 0x000001c408d93de0
Event: 1.004 Thread 0x000001c408d93de0 Thread added: 0x000001c408f570c0
Event: 1.582 Thread 0x000001c408d93de0 Thread added: 0x000001c4095591f0
Event: 1.619 Thread 0x000001c4095591f0 Thread exited: 0x000001c4095591f0
Event: 1.658 Thread 0x000001c408f570c0 Thread exited: 0x000001c408f570c0
Event: 3.184 Thread 0x000001c408d93de0 Thread added: 0x000001c40a1bf0c0
Event: 3.185 Thread 0x000001c408d93de0 Thread added: 0x000001c40a1bf880
Event: 3.188 Thread 0x000001c408d93de0 Thread added: 0x000001c40a172970
Event: 3.230 Thread 0x000001c408d93de0 Thread added: 0x000001c408e567f0
Event: 4.330 Thread 0x000001c408d93de0 Thread added: 0x000001c4099a35b0
Event: 4.433 Thread 0x000001c4099a35b0 Thread added: 0x000001c4099a2de0


Dynamic libraries:
0x00007ff6dd090000 - 0x00007ff6dd09e000 	C:\Users\Usuario\.jdks\openjdk-25.0.2\bin\java.exe
0x00007ffab7a10000 - 0x00007ffab7c08000 	C:\WINDOWS\SYSTEM32\ntdll.dll
0x00007ffab7200000 - 0x00007ffab72c2000 	C:\WINDOWS\System32\KERNEL32.DLL
0x00007ffab5460000 - 0x00007ffab5757000 	C:\WINDOWS\System32\KERNELBASE.dll
0x00007ffab5760000 - 0x00007ffab5860000 	C:\WINDOWS\System32\ucrtbase.dll
0x00007ffaaa3c0000 - 0x00007ffaaa3d7000 	C:\Users\Usuario\.jdks\openjdk-25.0.2\bin\jli.dll
0x00007ffab6430000 - 0x00007ffab65cd000 	C:\WINDOWS\System32\USER32.dll
0x00007ffab51b0000 - 0x00007ffab51d2000 	C:\WINDOWS\System32\win32u.dll
0x00007ffab61d0000 - 0x00007ffab61fb000 	C:\WINDOWS\System32\GDI32.dll
0x00007ffab5310000 - 0x00007ffab542a000 	C:\WINDOWS\System32\gdi32full.dll
0x00007ffab51e0000 - 0x00007ffab527d000 	C:\WINDOWS\System32\msvcp_win.dll
0x00007ffaaa3a0000 - 0x00007ffaaa3be000 	C:\Users\Usuario\.jdks\openjdk-25.0.2\bin\VCRUNTIME140.dll
0x00007ffa96930000 - 0x00007ffa96bcb000 	C:\WINDOWS\WinSxS\amd64_microsoft.windows.common-controls_6595b64144ccf1df_6.0.19041.6926_none_60b5a53971f8f7e6\COMCTL32.dll
0x00007ffab7540000 - 0x00007ffab75de000 	C:\WINDOWS\System32\msvcrt.dll
0x00007ffab5bc0000 - 0x00007ffab5bef000 	C:\WINDOWS\System32\IMM32.DLL
0x00007ffa9a2a0000 - 0x00007ffa9a2ac000 	C:\Users\Usuario\.jdks\openjdk-25.0.2\bin\vcruntime140_1.dll
0x00007ffa93650000 - 0x00007ffa936dd000 	C:\Users\Usuario\.jdks\openjdk-25.0.2\bin\msvcp140.dll
0x00007ffa729c0000 - 0x00007ffa7381f000 	C:\Users\Usuario\.jdks\openjdk-25.0.2\bin\server\jvm.dll
0x00007ffab5a20000 - 0x00007ffab5ad1000 	C:\WINDOWS\System32\ADVAPI32.dll
0x00007ffab6390000 - 0x00007ffab642f000 	C:\WINDOWS\System32\sechost.dll
0x00007ffab65d0000 - 0x00007ffab66f6000 	C:\WINDOWS\System32\RPCRT4.dll
0x00007ffab5430000 - 0x00007ffab5457000 	C:\WINDOWS\System32\bcrypt.dll
0x00007ffab6160000 - 0x00007ffab61cb000 	C:\WINDOWS\System32\WS2_32.dll
0x00007ffab45d0000 - 0x00007ffab461b000 	C:\WINDOWS\SYSTEM32\POWRPROF.dll
0x00007ffaad460000 - 0x00007ffaad46a000 	C:\WINDOWS\SYSTEM32\VERSION.dll
0x00007ffaa8760000 - 0x00007ffaa8787000 	C:\WINDOWS\SYSTEM32\WINMM.dll
0x00007ffab4440000 - 0x00007ffab4452000 	C:\WINDOWS\SYSTEM32\UMPDC.dll
0x00007ffab38b0000 - 0x00007ffab38c2000 	C:\WINDOWS\SYSTEM32\kernel.appcore.dll
0x00007ffa9a290000 - 0x00007ffa9a29a000 	C:\Users\Usuario\.jdks\openjdk-25.0.2\bin\jimage.dll
0x00007ffab2ec0000 - 0x00007ffab30c1000 	C:\WINDOWS\SYSTEM32\DBGHELP.DLL
0x00007ffa937c0000 - 0x00007ffa937f4000 	C:\WINDOWS\SYSTEM32\dbgcore.DLL
0x00007ffab5280000 - 0x00007ffab5302000 	C:\WINDOWS\System32\bcryptPrimitives.dll
0x00007ffab18c0000 - 0x00007ffab18d0000 	C:\Users\Usuario\.jdks\openjdk-25.0.2\bin\instrument.dll
0x00007ffa972b0000 - 0x00007ffa972cf000 	C:\Users\Usuario\.jdks\openjdk-25.0.2\bin\java.dll
0x00007ffab6260000 - 0x00007ffab638b000 	C:\WINDOWS\System32\ole32.dll
0x00007ffab75e0000 - 0x00007ffab7933000 	C:\WINDOWS\System32\combase.dll
0x00007ffab6a80000 - 0x00007ffab71f1000 	C:\WINDOWS\System32\SHELL32.dll
0x00007ffab30f0000 - 0x00007ffab3896000 	C:\WINDOWS\SYSTEM32\windows.storage.dll
0x00007ffab4aa0000 - 0x00007ffab4acb000 	C:\WINDOWS\SYSTEM32\Wldp.dll
0x00007ffab73b0000 - 0x00007ffab7486000 	C:\WINDOWS\System32\OLEAUT32.dll
0x00007ffab6700000 - 0x00007ffab67ad000 	C:\WINDOWS\System32\SHCORE.dll
0x00007ffab6200000 - 0x00007ffab625b000 	C:\WINDOWS\System32\shlwapi.dll
0x00007ffab4fa0000 - 0x00007ffab4fc4000 	C:\WINDOWS\SYSTEM32\profapi.dll
0x00007ffa930e0000 - 0x00007ffa930f7000 	C:\Users\Usuario\.jdks\openjdk-25.0.2\bin\zip.dll
0x00007ffa92cf0000 - 0x00007ffa92d02000 	C:\Users\Usuario\.jdks\openjdk-25.0.2\bin\net.dll
0x00007ffab47d0000 - 0x00007ffab483a000 	C:\WINDOWS\system32\mswsock.dll
0x00007ffa92cd0000 - 0x00007ffa92ce6000 	C:\Users\Usuario\.jdks\openjdk-25.0.2\bin\nio.dll
0x00007ffa9a2f0000 - 0x00007ffa9a2f9000 	C:\Users\Usuario\.jdks\openjdk-25.0.2\bin\extnet.dll
0x00007ffab07c0000 - 0x00007ffab07ca000 	C:\Users\Usuario\.jdks\openjdk-25.0.2\bin\management.dll
0x00007ffab07b0000 - 0x00007ffab07bc000 	C:\Users\Usuario\.jdks\openjdk-25.0.2\bin\management_ext.dll
0x00007ffab5cd0000 - 0x00007ffab5cd8000 	C:\WINDOWS\System32\PSAPI.DLL
0x00007ffab07a0000 - 0x00007ffab07ae000 	C:\Users\Usuario\.jdks\openjdk-25.0.2\bin\sunmscapi.dll
0x00007ffab58b0000 - 0x00007ffab5a0d000 	C:\WINDOWS\System32\CRYPT32.dll
0x00007ffab4b10000 - 0x00007ffab4b37000 	C:\WINDOWS\SYSTEM32\ncrypt.dll
0x00007ffab4ad0000 - 0x00007ffab4b0b000 	C:\WINDOWS\SYSTEM32\NTASN1.dll
0x00007ffab4a00000 - 0x00007ffab4a18000 	C:\WINDOWS\SYSTEM32\CRYPTSP.dll
0x00007ffab4020000 - 0x00007ffab4058000 	C:\WINDOWS\system32\rsaenh.dll
0x00007ffab4f20000 - 0x00007ffab4f4e000 	C:\WINDOWS\SYSTEM32\USERENV.dll
0x00007ffab49f0000 - 0x00007ffab49fc000 	C:\WINDOWS\SYSTEM32\CRYPTBASE.dll
0x00007ffab4460000 - 0x00007ffab449b000 	C:\WINDOWS\SYSTEM32\IPHLPAPI.DLL
0x00007ffab6150000 - 0x00007ffab6158000 	C:\WINDOWS\System32\NSI.dll
0x00007ffab44b0000 - 0x00007ffab457a000 	C:\WINDOWS\SYSTEM32\DNSAPI.dll
0x00007ffaadf50000 - 0x00007ffaadf5a000 	C:\Windows\System32\rasadhlp.dll
0x00007ffaa9810000 - 0x00007ffaa9890000 	C:\WINDOWS\System32\fwpuclnt.dll

JVMTI agents:
C:\Program Files\JetBrains\IntelliJ IDEA 2025.3.2\lib\idea_rt.jar path:C:\Users\Usuario\.jdks\openjdk-25.0.2\bin\instrument.dll, loaded, initialized, instrumentlib options:55239

dbghelp: loaded successfully - version: 4.0.5 - missing functions: none
symbol engine: initialized successfully - sym options: 0x614 - pdb path: .;C:\Users\Usuario\.jdks\openjdk-25.0.2\bin;C:\WINDOWS\SYSTEM32;C:\WINDOWS\WinSxS\amd64_microsoft.windows.common-controls_6595b64144ccf1df_6.0.19041.6926_none_60b5a53971f8f7e6;C:\Users\Usuario\.jdks\openjdk-25.0.2\bin\server

VM Arguments:
jvm_args: -XX:TieredStopAtLevel=1 -Dspring.output.ansi.enabled=always -javaagent:C:\Program Files\JetBrains\IntelliJ IDEA 2025.3.2\lib\idea_rt.jar=55239 -Dfile.encoding=UTF-8 -Dsun.stdout.encoding=UTF-8 -Dsun.stderr.encoding=UTF-8 
java_command: com.cine.demo.DemoApplication
java_class_path (initial): D:\P1inditex-once\Proyecto final\Backend\target\classes;C:\Users\Usuario\.m2\repository\org\springframework\boot\spring-boot-starter-data-jpa\4.0.6\spring-boot-starter-data-jpa-4.0.6.jar;C:\Users\Usuario\.m2\repository\org\springframework\boot\spring-boot-starter\4.0.6\spring-boot-starter-4.0.6.jar;C:\Users\Usuario\.m2\repository\org\springframework\boot\spring-boot-starter-logging\4.0.6\spring-boot-starter-logging-4.0.6.jar;C:\Users\Usuario\.m2\repository\ch\qos\logback\logback-classic\1.5.32\logback-classic-1.5.32.jar;C:\Users\Usuario\.m2\repository\ch\qos\logback\logback-core\1.5.32\logback-core-1.5.32.jar;C:\Users\Usuario\.m2\repository\org\apache\logging\log4j\log4j-to-slf4j\2.25.4\log4j-to-slf4j-2.25.4.jar;C:\Users\Usuario\.m2\repository\org\apache\logging\log4j\log4j-api\2.25.4\log4j-api-2.25.4.jar;C:\Users\Usuario\.m2\repository\org\slf4j\jul-to-slf4j\2.0.17\jul-to-slf4j-2.0.17.jar;C:\Users\Usuario\.m2\repository\jakarta\annotation\jakarta.annotation-api\3.0.0\jakarta.annotation-api-3.0.0.jar;C:\Users\Usuario\.m2\repository\org\yaml\snakeyaml\2.5\snakeyaml-2.5.jar;C:\Users\Usuario\.m2\repository\org\springframework\boot\spring-boot-starter-jdbc\4.0.6\spring-boot-starter-jdbc-4.0.6.jar;C:\Users\Usuario\.m2\repository\com\zaxxer\HikariCP\7.0.2\HikariCP-7.0.2.jar;C:\Users\Usuario\.m2\repository\org\springframework\boot\spring-boot-data-jpa\4.0.6\spring-boot-data-jpa-4.0.6.jar;C:\Users\Usuario\.m2\repository\org\springframework\boot\spring-boot-data-commons\4.0.6\spring-boot-data-commons-4.0.6.jar;C:\Users\Usuario\.m2\repository\org\springframework\boot\spring-boot-persistence\4.0.6\spring-boot-persistence-4.0.6.jar;C:\Users\Usuario\.m2\repository\org\springframework\data\spring-data-commons\4.0.5\spring-data-commons-4.0.5.jar;C:\Users\Usuario\.m2\repository\org\springframework\boot\spring-boot-hibernate\4.0.6\spring-boot-hibernate-4.0.6.jar;C:\Users\Usuario\.m2\repository\org\springframework\boot\spring-boot-jpa\4.0.6\spring-boot-jpa-4.0.6.jar;C:\Users\Usuario\.m2\repository\jakarta\persistence\jakarta.persistence-api\3.2.0\jakarta.persistence-api-3.2.0.jar;C:\Users\Usuario\.m2\repository\org\hibernate\orm\hibernate-core\7.2.12.Final\hibernate-core-7.2.12.Final.jar;C:\Users\Usuario\.m2\repository\jakarta\transaction\jakarta.transaction-api\2.0.1\jakarta.transaction-api-2.0.1.jar;C:\Users\Usuario\.m2\repository\org\hibernate\models\hibernate-models\1.0.1\hibernate-models-1.0.1.jar;C:\Users\Usuario\.m2\repository\org\glassfish\jaxb\jaxb-runtime\4.0.6\jaxb-runtime-4.0.6.jar;C:\Users\Usuario\.m2\repository\org\glassfish\jaxb\jaxb-core\4.0.6\jaxb-core-4.0.6.jar;C:\Users\Usuario\.m2\repository\org\glassfish\jaxb\txw2\4.0.6\txw2-4.0.6.jar;C:\Users\Usuario\.m2\repository\com\sun\istack\istack-commons-runtime\4.1.2\istack-commons-runtime-4.1.2.jar;C:\Users\Usuario\.m2\repository\jakarta\inject\jakarta.inject-api\2.0.1\jakarta.inject-api-2.0.1.jar;C:\Users\Usuario\.m2\repository\org\springframework\spring-orm\7.0.7\spring-orm-7.0.7.jar;C:\Users\Usuario\.m2\repository\org\springframework\data\spring-data-jpa\4.0.5\spring-data-jpa-4.0.5.jar;C:\Users\Usuario\.m2\repository\org\springframework\spring-aop\7.0.7\spring-aop-7.0.7.jar;C:\Users\Usuario\.m2\repository\org\springframework\spring-tx\7.0.7\spring-tx-7.0.7.jar;C:\Users\Usuario\.m2\repository\org\springframework\spring-beans\7.0.7\spring-beans-7.0.7.jar;C:\Users\Usuario\.m2\repository\org\antlr\antlr4-runtime\4.13.2\antlr4-runtime-4.13.2.jar;C:\Users\Usuario\.m2\repository\org\springframework\spring-aspects\7.0.7\spring-aspects-7.0.7.jar;C:\Users\Usuario\.m2\repository\org\aspectj\aspectjweaver\1.9.25.1\aspectjweaver-1.9.25.1.jar;C:\Users\Usuario\.m2\repository\org\springframework\boot\spring-boot-jdbc\4.0.6\spring-boot-jdbc-4.0.6.jar;C:\Users\Usuario\.m2\repository\org\springframework\boot\spring-boot-sql\4.0.6\spring-boot-sql-4.0.6.jar;C:\Users\Usuario\.m2\repository\org\springframework\boot\spring-boot-transaction\4.0.6\spring-boot-transaction-4.0.6.jar;C:\Users\Usuario\.m2\repository\org\springframework\spring-jdbc\7.0.7\spring-jdbc-7.0.7.jar;C:\Users\Usuario\.m2\repository\org\springframework\boot\spring-boot-starter-mail\4.0.6\spring-boot-starter-mail-4.0.6.jar;C:\Users\Usuario\.m2\repository\org\springframework\boot\spring-boot-mail\4.0.6\spring-boot-mail-4.0.6.jar;C:\Users\Usuario\.m2\repository\org\springframework\spring-context-support\7.0.7\spring-context-support-7.0.7.jar;C:\Users\Usuario\.m2\repository\jakarta\mail\jakarta.mail-api\2.1.5\jakarta.mail-api-2.1.5.jar;C:\Users\Usuario\.m2\repository\org\eclipse\angus\angus-mail\2.0.5\angus-mail-2.0.5.jar;C:\Users\Usuario\.m2\repository\org\eclipse\angus\angus-activation\2.0.3\angus-activation-2.0.3.jar;C:\Users\Usuario\.m2\repository\org\springframework\boot\spring-boot-starter-validation\4.0.6\spring-boot-starter-validation-4.0.6.jar;C:\Users\Usuario\.m2\repository\org\springframework\boot\spring-boot-validation\4.0.6\spring-boot-validation-4.0.6.jar;C:\Users\Usuario\.m2\repository\org\apache\tomcat\embed\tomcat-embed-el\11.0.21\tomcat-embed-el-11.0.21.jar;C:\Users\Usuario\.m2\repository\org\hibernate\validator\hibernate-validator\9.0.1.Final\hibernate-validator-9.0.1.Final.jar;C:\Users\Usuario\.m2\repository\jakarta\validation\jakarta.validation-api\3.1.1\jakarta.validation-api-3.1.1.jar;C:\Users\Usuario\.m2\repository\org\jboss\logging\jboss-logging\3.6.3.Final\jboss-logging-3.6.3.Final.jar;C:\Users\Usuario\.m2\repository\com\fasterxml\classmate\1.7.3\classmate-1.7.3.jar;C:\Users\Usuario\.m2\repository\org\springframework\boot\spring-boot-starter-web\4.0.6\spring-boot-starter-web-4.0.6.jar;C:\Users\Usuario\.m2\repository\org\springframework\boot\spring-boot-starter-jackson\4.0.6\spring-boot-starter-jackson-4.0.6.jar;C:\Users\Usuario\.m2\repository\org\springframework\boot\spring-boot-jackson\4.0.6\spring-boot-jackson-4.0.6.jar;C:\Users\Usuario\.m2\repository\tools\jackson\core\jackson-databind\3.1.2\jackson-databind-3.1.2.jar;C:\Users\Usuario\.m2\repository\tools\jackson\core\jackson-core\3.1.2\jackson-core-3.1.2.jar;C:\Users\Usuario\.m2\repository\org\springframework\boot\spring-boot-starter-tomcat\4.0.6\spring-boot-starter-tomcat-4.0.6.jar;C:\Users\Usuario\.m2\repository\org\springframework\boot\spring-boot-starter-tomcat-runtime\4.0.6\spring-boot-starter-tomcat-runtime-4.0.6.jar;C:\Users\Usuario\.m2\repository\org\apache\tomcat\embed\tomcat-embed-core\11.0.21\tomcat-embed-core-11.0.21.jar;C:\Users\Usuario\.m2\repository\org\apache\tomcat\embed\tomcat-embed-websocket\11.0.21\tomcat-embed-websocket-11.0.21.jar;C:\Users\Usuario\.m2\repository\org\springframework\boot\spring-boot-tomcat\4.0.6\spring-boot-tomcat-4.0.6.jar;C:\Users\Usuario\.m2\repository\org\springframework\boot\spring-boot-http-converter\4.0.6\spring-boot-http-converter-4.0.6.jar;C:\Users\Usuario\.m2\repository\org\springframework\spring-web\7.0.7\spring-web-7.0.7.jar;C:\Users\Usuario\.m2\repository\io\micrometer\micrometer-observation\1.16.5\micrometer-observation-1.16.5.jar;C:\Users\Usuario\.m2\repository\io\micrometer\micrometer-commons\1.16.5\micrometer-commons-1.16.5.jar;C:\Users\Usuario\.m2\repository\org\springframework\boot\spring-boot-webmvc\4.0.6\spring-boot-webmvc-4.0.6.jar;C:\Users\Usuario\.m2\repository\org\springframework\boot\spring-boot-servlet\4.0.6\spring-boot-servlet-4.0.6.jar;C:\Users\Usuario\.m2\repository\org\springframework\spring-webmvc\7.0.7\spring-webmvc-7.0.7.jar;C:\Users\Usuario\.m2\repository\org\springframework\spring-expression\7.0.7\spring-expression-7.0.7.jar;C:\Users\Usuario\.m2\repository\org\springframework\boot\spring-boot-devtools\4.0.6\spring-boot-devtools-4.0.6.jar;C:\Users\Usuario\.m2\repository\org\springframework\boot\spring-boot\4.0.6\spring-boot-4.0.6.jar;C:\Users\Usuario\.m2\repository\org\springframework\spring-context\7.0.7\spring-context-7.0.7.jar;C:\Users\Usuario\.m2\repository\org\springframework\boot\spring-boot-autoconfigure\4.0.6\spring-boot-autoconfigure-4.0.6.jar;C:\Users\Usuario\.m2\repository\com\mysql\mysql-connector-j\9.7.0\mysql-connector-j-9.7.0.jar;C:\Users\Usuario\.m2\repository\org\projectlombok\lombok\1.18.46\lombok-1.18.46.jar;C:\Users\Usuario\.m2\repository\org\slf4j\slf4j-api\2.0.17\slf4j-api-2.0.17.jar;C:\Users\Usuario\.m2\repository\jakarta\xml\bind\jakarta.xml.bind-api\4.0.4\jakarta.xml.bind-api-4.0.4.jar;C:\Users\Usuario\.m2\repository\jakarta\activation\jakarta.activation-api\2.1.4\jakarta.activation-api-2.1.4.jar;C:\Users\Usuario\.m2\repository\net\bytebuddy\byte-buddy\1.17.8\byte-buddy-1.17.8.jar;C:\Users\Usuario\.m2\repository\org\springframework\spring-core\7.0.7\spring-core-7.0.7.jar;C:\Users\Usuario\.m2\repository\commons-logging\commons-logging\1.3.6\commons-logging-1.3.6.jar;C:\Users\Usuario\.m2\repository\org\jspecify\jspecify\1.0.0\jspecify-1.0.0.jar;C:\Users\Usuario\.m2\repository\org\springframework\boot\spring-boot-web-server\4.0.6\spring-boot-web-server-4.0.6.jar;C:\Users\Usuario\.m2\repository\com\cloudinary\cloudinary-http45\1.39.0\cloudinary-http45-1.39.0.jar;C:\Users\Usuario\.m2\repository\com\cloudinary\cloudinary-core\1.39.0\cloudinary-core-1.39.0.jar;C:\Users\Usuario\.m2\repository\org\apache\commons\commons-lang3\3.19.0\commons-lang3-3.19.0.jar;C:\Users\Usuario\.m2\repository\org\apache\httpcomponents\httpclient\4.5.13\httpclient-4.5.13.jar;C:\Users\Usuario\.m2\repository\org\apache\httpcomponents\httpcore\4.4.16\httpcore-4.4.16.jar;C:\Users\Usuario\.m2\repository\commons-codec\commons-codec\1.19.0\commons-codec-1.19.0.jar;C:\Users\Usuario\.m2\repository\org\apache\httpcomponents\httpmime\4.5.13\httpmime-4.5.13.jar;C:\Users\Usuario\.m2\repository\org\springframework\security\spring-security-crypto\7.0.5\spring-security-crypto-7.0.5.jar;C:\Users\Usuario\.m2\repository\com\stripe\stripe-java\24.3.0\stripe-java-24.3.0.jar;C:\Users\Usuario\.m2\repository\com\google\code\gson\gson\2.13.2\gson-2.13.2.jar;C:\Users\Usuario\.m2\repository\com\google\errorprone\error_prone_annotations\2.41.0\error_prone_annotations-2.41.0.jar;C:\Users\Usuario\.m2\repository\io\jsonwebtoken\jjwt-api\0.12.6\jjwt-api-0.12.6.jar;C:\Users\Usuario\.m2\repository\io\jsonwebtoken\jjwt-impl\0.12.6\jjwt-impl-0.12.6.jar;C:\Users\Usuario\.m2\repository\io\jsonwebtoken\jjwt-jackson\0.12.6\jjwt-jackson-0.12.6.jar;C:\Users\Usuario\.m2\repository\com\fasterxml\jackson\core\jackson-databind\2.21.2\jackson-databind-2.21.2.jar;C:\Users\Usuario\.m2\repository\com\fasterxml\jackson\core\jackson-annotations\2.21\jackson-annotations-2.21.jar;C:\Users\Usuario\.m2\repository\com\fasterxml\jackson\core\jackson-core\2.21.2\jackson-core-2.21.2.jar;C:\Users\Usuario\.m2\repository\org\springdoc\springdoc-openapi-starter-webmvc-ui\3.0.3\springdoc-openapi-starter-webmvc-ui-3.0.3.jar;C:\Users\Usuario\.m2\repository\org\springdoc\springdoc-openapi-starter-webmvc-api\3.0.3\springdoc-openapi-starter-webmvc-api-3.0.3.jar;C:\Users\Usuario\.m2\repository\org\springdoc\springdoc-openapi-starter-common\3.0.3\springdoc-openapi-starter-common-3.0.3.jar;C:\Users\Usuario\.m2\repository\io\swagger\core\v3\swagger-core-jakarta\2.2.47\swagger-core-jakarta-2.2.47.jar;C:\Users\Usuario\.m2\repository\io\swagger\core\v3\swagger-annotations-jakarta\2.2.47\swagger-annotations-jakarta-2.2.47.jar;C:\Users\Usuario\.m2\repository\io\swagger\core\v3\swagger-models-jakarta\2.2.47\swagger-models-jakarta-2.2.47.jar;C:\Users\Usuario\.m2\repository\com\fasterxml\jackson\dataformat\jackson-dataformat-yaml\2.21.2\jackson-dataformat-yaml-2.21.2.jar;C:\Users\Usuario\.m2\repository\com\fasterxml\jackson\datatype\jackson-datatype-jsr310\2.21.2\jackson-datatype-jsr310-2.21.2.jar;C:\Users\Usuario\.m2\repository\org\webjars\swagger-ui\5.32.2\swagger-ui-5.32.2.jar;C:\Users\Usuario\.m2\repository\org\webjars\webjars-locator-lite\1.1.3\webjars-locator-lite-1.1.3.jar
Launcher Type: SUN_STANDARD

[Global flags]
     intx CICompilerCount                          = 3                                         {product} {ergonomic}
     uint ConcGCThreads                            = 1                                         {product} {ergonomic}
     uint G1ConcRefinementThreads                  = 4                                         {product} {ergonomic}
   size_t G1HeapRegionSize                         = 2097152                                   {product} {ergonomic}
   size_t InitialHeapSize                          = 268435456                                 {product} {ergonomic}
   size_t MarkStackSize                            = 4194304                                   {product} {ergonomic}
   size_t MarkStackSizeMax                         = 536870912                                 {product} {ergonomic}
   size_t MaxHeapSize                              = 4282384384                                {product} {ergonomic}
   size_t MaxNewSize                               = 2569011200                                {product} {ergonomic}
   size_t MinHeapDeltaBytes                        = 2097152                                   {product} {ergonomic}
   size_t MinHeapSize                              = 8388608                                   {product} {ergonomic}
    uintx NonNMethodCodeHeapSize                   = 4096                                   {pd product} {ergonomic}
    uintx NonProfiledCodeHeapSize                  = 0                                      {pd product} {ergonomic}
     bool ProfileInterpreter                       = false                                  {pd product} {command line}
    uintx ProfiledCodeHeapSize                     = 0                                      {pd product} {ergonomic}
   size_t SoftMaxHeapSize                          = 4282384384                             {manageable} {ergonomic}
     intx TieredStopAtLevel                        = 1                                         {product} {command line}
     bool UseCompressedOops                        = true                           {product lp64_product} {ergonomic}
     bool UseG1GC                                  = true                                      {product} {ergonomic}
     bool UseLargePagesIndividualAllocation        = false                                  {pd product} {ergonomic}

Logging:
Log output configuration:
 #0: stdout all=warning uptime,level,tags foldmultilines=false
 #1: stderr all=off uptime,level,tags foldmultilines=false

Release file:
IMPLEMENTOR="Oracle Corporation" 
JAVA_RUNTIME_VERSION="25.0.2+10-69" 
JAVA_VERSION="25.0.2" 
JAVA_VERSION_DATE="2026-01-20" 
LIBC="default" 
MODULES="java.base java.compiler java.datatransfer java.xml java.prefs java.desktop java.instrument java.logging java.management java.security.sasl java.naming java.rmi java.management.rmi java.net.http java.scripting java.security.jgss java.transaction.xa java.sql java.sql.rowset java.xml.crypto java.se java.smartcardio jdk.accessibility jdk.internal.jvmstat jdk.attach jdk.charsets jdk.internal.opt jdk.zipfs jdk.compiler jdk.crypto.cryptoki jdk.crypto.ec jdk.crypto.mscapi jdk.dynalink jdk.internal.ed jdk.editpad jdk.internal.vm.ci jdk.graal.compiler jdk.graal.compiler.management jdk.hotspot.agent jdk.httpserver jdk.incubator.vector jdk.internal.le jdk.internal.md jdk.jartool jdk.javadoc jdk.jcmd jdk.management jdk.management.agent jdk.jconsole jdk.jdeps jdk.jdwp.agent jdk.jdi jdk.jfr jdk.jlink jdk.jpackage jdk.jshell jdk.jsobject jdk.jstatd jdk.localedata jdk.management.jfr jdk.naming.dns jdk.naming.rmi jdk.net jdk.nio.mapmode jdk.sctp jdk.security.auth jdk.security.jgss jdk.unsupported jdk.unsupported.desktop jdk.xml.dom" 
OS_ARCH="x86_64" 
OS_NAME="Windows" 
SOURCE=".:git:405a5699ebd0" 

Environment Variables:
PATH=C:\WINDOWS\system32;C:\WINDOWS;C:\WINDOWS\System32\Wbem;C:\WINDOWS\System32\WindowsPowerShell\v1.0\;C:\WINDOWS\System32\OpenSSH\;C:\Program Files (x86)\NVIDIA Corporation\PhysX\Common;C:\Program Files\dotnet\;C:\Program Files\Git\cmd;C:\Program Files\nodejs\;C:\Program Files\GitHub CLI\;C:\Program Files\NVIDIA Corporation\NVIDIA App\NvDLISR;C:\Program Files\MySQL\MySQL Shell 8.0\bin\;C:\Users\Usuario\AppData\Local\Programs\Python\Python314\Scripts\;C:\Users\Usuario\AppData\Local\Programs\Python\Python314\;C:\Users\Usuario\AppData\Local\Programs\Python\Launcher\;C:\Users\Usuario\AppData\Local\Microsoft\WindowsApps;D:\Microsoft VS Code\bin;C:\Users\Usuario\AppData\Roaming\npm;C:\Users\Usuario\.lmstudio\bin
USERNAME=Usuario
OS=Windows_NT
PROCESSOR_IDENTIFIER=Intel64 Family 6 Model 158 Stepping 9, GenuineIntel
TMP=C:\Users\Usuario\AppData\Local\Temp
TEMP=C:\Users\Usuario\AppData\Local\Temp




Compilation memory statistics disabled.

Periodic native trim disabled

---------------  S Y S T E M  ---------------

OS:
 Windows 10 , 64 bit Build 19041 (10.0.19041.7181)
OS uptime: 0 days 3:59 hours

CPU: total 4 (initial active 4) (4 cores per cpu, 1 threads per core) family 6 model 158 stepping 9 microcode 0xb4, cx8, cmov, fxsr, mmx, 3dnowpref, sse, sse2, sse3, ssse3, sse4.1, sse4.2, popcnt, lzcnt, tsc, tscinvbit, avx, avx2, aes, erms, clmul, bmi1, bmi2, rtm, adx, fma, vzeroupper, clflush, clflushopt, rdtscp, f16c
Processor Information for the first 4 processors :
  Max Mhz: 3801, Current Mhz: 3801, Mhz Limit: 3801

Memory: 4k page, system-wide physical 16331M (3437M free)
TotalPageFile size 20427M (AvailPageFile size 5M)
current process WorkingSet (physical memory assigned to process): 281M, peak: 281M
current process commit charge ("private bytes"): 316M, peak: 374M

vm_info: OpenJDK 64-Bit Server VM (25.0.2+10-69) for windows-amd64 JRE (25.0.2+10-69), built on 2025-12-18T11:36:35Z with MS VC++ 17.13 (VS2022)

END.
